<?xml version='1.0' encoding='UTF-8'?>
<testsuite hostname="DESKTOP-4KJOLSD" name="funsets.FunSetSuite" tests="8" errors="0" failures="0" time="0.067">
                     <properties>
[...]
</properties>
                     <testcase classname="funsets.FunSetSuite" name="string take" time="0.035">
                                                 
                                               </testcase><testcase classname="funsets.FunSetSuite" name="adding ints" time="0.006">
                                                 
                                               </testcase><testcase classname="funsets.FunSetSuite" name="contains is implemented" time="0.004">
                                                 
                                               </testcase><testcase classname="funsets.FunSetSuite" name="singletonSet(1) contains 1" time="0.004">
                                                 
                                               </testcase><testcase classname="funsets.FunSetSuite" name="union contains all elements of each set" time="0.006">
                                                 
                                               </testcase><testcase classname="funsets.FunSetSuite" name="intersection contains only elements which are in both sets" time="0.004">
                                                 
                                               </testcase><testcase classname="funsets.FunSetSuite" name="diff contains only elements from first set which are not in second" time="0.005">
                                                 
                                               </testcase><testcase classname="funsets.FunSetSuite" name="filter contains only elements which are true from predicate" time="0.003">
                                                 
                                               </testcase>
                     <system-out></system-out>
                     <system-err></system-err>
                   </testsuite>